<?xml version="1.0" encoding="ISO-8859-1"?>
<!--
  ~ Copyright (c) 2017, WSO2 Inc. (http://www.wso2.org) All Rights Reserved.
  ~
  ~ WSO2 Inc. licenses this file to you under the Apache License,
  ~ Version 2.0 (the "License"); you may not use this file except
  ~ in compliance with the License.
  ~ You may obtain a copy of the License at
  ~
  ~ http://www.apache.org/licenses/LICENSE-2.0
  ~
  ~ Unless required by applicable law or agreed to in writing,
  ~ software distributed under the License is distributed on an
  ~ "AS IS" BASIS, WITHOUT WARRANTIES OR CONDITIONS OF ANY
  ~ KIND, either express or implied. See the License for the
  ~ specific language governing permissions and limitations
  ~ under the License.
  -->
<datasources-configuration>

    <providers>
        <provider>org.wso2.micro.integrator.ndatasource.rdbms.RDBMSDataSourceReader</provider>
    </providers>

    <datasources>
        <datasource>
            <name>WSO2_TEST_DB1</name>
            <description>data source for transaction mediator test case</description>
            <jndiConfig>
                <name>jdbc/WSO2TestDB1</name>
            </jndiConfig>
            <definition type="RDBMS">
                <configuration>
                    <driverClassName>org.h2.Driver</driverClassName>
                    <maxActive>50</maxActive>
                    <maxWait>60000</maxWait>
                    <testOnBorrow>true</testOnBorrow>
                    <validationQuery>SELECT 1</validationQuery>
                    <validationInterval>30000</validationInterval>
                    <defaultAutoCommit>false</defaultAutoCommit>
                    <dataSourceClassName>org.h2.jdbcx.JdbcDataSource</dataSourceClassName>
                    <dataSourceProps>
                        <property name="url">jdbc:h2:./repository/database/WSO2_TEST_DB1;DB_CLOSE_ON_EXIT=FALSE;LOCK_TIMEOUT=60000;MVCC=true</property>
                        <property name="user">admin</property>
                        <property name="password">admin</property>
                    </dataSourceProps>
                </configuration>
            </definition>
        </datasource>
    </datasources>

</datasources-configuration>
